TN:
SF:src/app.ts
FNF:0
FNH:0
DA:1,2
DA:2,2
DA:3,2
DA:5,2
DA:7,2
DA:10,2
DA:13,2
DA:15,2
LF:8
LH:8
BRF:0
BRH:0
end_of_record
TN:
SF:src/config/config.ts
FNF:0
FNH:0
DA:1,3
DA:3,3
DA:14,3
DA:24,3
LF:4
LH:4
BRDA:15,0,0,3
BRDA:15,0,1,0
BRDA:16,1,0,3
BRDA:16,1,1,0
BRDA:19,2,0,3
BRDA:19,2,1,0
BRDA:20,3,0,3
BRDA:20,3,1,0
BRF:8
BRH:4
end_of_record
TN:
SF:src/config/database.ts
FN:14,connectToDatabase
FN:43,(anonymous_2)
FN:48,(anonymous_3)
FN:53,(anonymous_4)
FN:68,disconnectFromDatabase
FN:88,getDatabaseConnectionStatus
FN:95,setupGracefulShutdown
FN:96,(anonymous_8)
FN:102,(anonymous_9)
FNF:9
FNH:0
FNDA:0,connectToDatabase
FNDA:0,(anonymous_2)
FNDA:0,(anonymous_3)
FNDA:0,(anonymous_4)
FNDA:0,disconnectFromDatabase
FNDA:0,getDatabaseConnectionStatus
FNDA:0,setupGracefulShutdown
FNDA:0,(anonymous_8)
FNDA:0,(anonymous_9)
DA:1,3
DA:2,3
DA:8,3
DA:14,3
DA:15,0
DA:16,0
DA:17,0
DA:20,0
DA:21,0
DA:23,0
DA:24,0
DA:28,0
DA:37,0
DA:39,0
DA:40,0
DA:43,0
DA:44,0
DA:45,0
DA:48,0
DA:49,0
DA:50,0
DA:53,0
DA:54,0
DA:55,0
DA:58,0
DA:59,0
DA:60,0
DA:68,3
DA:69,0
DA:70,0
DA:71,0
DA:74,0
DA:75,0
DA:76,0
DA:77,0
DA:79,0
DA:80,0
DA:88,3
DA:89,0
DA:95,3
DA:96,0
DA:97,0
DA:98,0
DA:99,0
DA:102,0
DA:103,0
DA:104,0
DA:105,0
DA:110,3
LF:49
LH:8
BRDA:15,0,0,0
BRDA:15,0,1,0
BRDA:23,1,0,0
BRDA:23,1,1,0
BRDA:69,2,0,0
BRDA:69,2,1,0
BRDA:89,3,0,0
BRDA:89,3,1,0
BRF:8
BRH:0
end_of_record
TN:
SF:src/controllers/todoController.ts
FN:22,getAllTodosController
FN:47,getTodoByIdController
FN:91,createTodoController
FN:135,updateTodoController
FN:154,(anonymous_4)
FN:202,deleteTodoController
FN:245,toggleTodoController
FNF:7
FNH:7
FNDA:7,getAllTodosController
FNDA:6,getTodoByIdController
FNDA:23,createTodoController
FNDA:12,updateTodoController
FNDA:16,(anonymous_4)
FNDA:4,deleteTodoController
FNDA:7,toggleTodoController
DA:2,2
DA:11,2
DA:22,2
DA:26,7
DA:27,7
DA:28,7
DA:34,0
DA:35,0
DA:47,2
DA:51,6
DA:52,6
DA:54,6
DA:55,0
DA:59,0
DA:62,6
DA:64,5
DA:65,3
DA:69,3
DA:72,2
DA:78,1
DA:79,1
DA:91,2
DA:95,23
DA:96,23
DA:99,23
DA:100,5
DA:104,5
DA:107,18
DA:114,18
DA:116,18
DA:122,0
DA:123,0
DA:135,2
DA:139,12
DA:140,12
DA:141,12
DA:143,12
DA:144,0
DA:148,0
DA:152,12
DA:155,16
DA:156,15
DA:157,13
DA:159,2
DA:162,16
DA:165,12
DA:166,2
DA:170,2
DA:173,10
DA:175,10
DA:176,2
DA:180,2
DA:183,8
DA:189,0
DA:190,0
DA:202,2
DA:206,4
DA:207,4
DA:209,4
DA:210,0
DA:214,0
DA:217,4
DA:219,4
DA:220,2
DA:224,2
DA:227,2
DA:232,0
DA:233,0
DA:245,2
DA:249,7
DA:250,7
DA:252,7
DA:253,0
DA:257,0
DA:260,7
DA:262,7
DA:263,2
DA:267,2
DA:270,5
DA:276,0
DA:277,0
LF:81
LH:63
BRDA:38,0,0,0
BRDA:38,0,1,0
BRDA:54,1,0,0
BRDA:54,1,1,6
BRDA:64,2,0,3
BRDA:64,2,1,2
BRDA:82,3,0,1
BRDA:82,3,1,0
BRDA:99,4,0,5
BRDA:99,4,1,18
BRDA:99,5,0,23
BRDA:99,5,1,20
BRDA:111,6,0,18
BRDA:111,6,1,12
BRDA:126,7,0,0
BRDA:126,7,1,0
BRDA:143,8,0,0
BRDA:143,8,1,12
BRDA:155,9,0,15
BRDA:155,9,1,1
BRDA:155,10,0,16
BRDA:155,10,1,16
BRDA:155,10,2,15
BRDA:156,11,0,13
BRDA:156,11,1,2
BRDA:156,12,0,15
BRDA:156,12,1,7
BRDA:165,13,0,2
BRDA:165,13,1,10
BRDA:175,14,0,2
BRDA:175,14,1,8
BRDA:193,15,0,0
BRDA:193,15,1,0
BRDA:209,16,0,0
BRDA:209,16,1,4
BRDA:219,17,0,2
BRDA:219,17,1,2
BRDA:236,18,0,0
BRDA:236,18,1,0
BRDA:252,19,0,0
BRDA:252,19,1,7
BRDA:262,20,0,2
BRDA:262,20,1,5
BRDA:273,21,0,3
BRDA:273,21,1,2
BRDA:280,22,0,0
BRDA:280,22,1,0
BRF:47
BRH:32
end_of_record
TN:
SF:src/dal/index.ts
FNF:0
FNH:0
DA:4,0
LF:1
LH:0
BRF:0
BRH:0
end_of_record
TN:
SF:src/dal/todo-dal.ts
FN:12,getAllTodos
FN:21,getTodoById
FN:30,createTodo
FN:47,updateTodo
FN:64,deleteTodo
FN:74,toggleTodoCompletion
FNF:6
FNH:6
FNDA:9,getAllTodos
FNDA:10,getTodoById
FNDA:22,createTodo
FNDA:17,updateTodo
FNDA:6,deleteTodo
FNDA:13,toggleTodoCompletion
DA:1,3
DA:12,3
DA:13,9
DA:21,3
DA:22,10
DA:30,3
DA:33,22
DA:38,22
DA:47,3
DA:51,17
DA:56,17
DA:64,3
DA:65,6
DA:66,6
DA:74,3
DA:75,13
DA:76,13
DA:78,10
DA:79,10
DA:80,10
LF:20
LH:20
BRDA:76,0,0,3
BRDA:76,0,1,10
BRF:2
BRH:2
end_of_record
TN:
SF:src/middlewares/errorHandler.ts
FN:7,(anonymous_0)
FNF:1
FNH:0
FNDA:0,(anonymous_0)
DA:7,2
DA:13,0
DA:14,0
LF:3
LH:1
BRDA:14,0,0,0
BRDA:14,0,1,0
BRDA:15,1,0,0
BRDA:15,1,1,0
BRF:4
BRH:0
end_of_record
TN:
SF:src/models/todo-item.ts
FNF:0
FNH:0
DA:1,3
DA:4,3
DA:23,3
LF:3
LH:3
BRF:0
BRH:0
end_of_record
TN:
SF:src/routes/todoRoutes.ts
FNF:0
FNH:0
DA:1,2
DA:3,2
DA:12,2
DA:14,2
DA:15,2
DA:16,2
DA:17,2
DA:18,2
DA:19,2
DA:21,2
LF:10
LH:10
BRF:0
BRH:0
end_of_record
